Start testing: Sep 26 21:25 CEST
----------------------------------------------------------
1/1 Testing: template_test
1/1 Test: template_test
Command: "/Users/andreasbulling/prog/cpp_template_metaprogramming_exercises/test/template_exercises_test"
Directory: /Users/andreasbulling/prog/cpp_template_metaprogramming_exercises
"template_test" start time: Sep 26 21:25 CEST
Output:
----------------------------------------------------------
Running main() from gtest_main.cc
[==========] Running 2 tests from 1 test case.
[----------] Global test environment set-up.
[----------] 2 tests from chapter2
[ RUN      ] chapter2.exercise0
[       OK ] chapter2.exercise0 (0 ms)
[ RUN      ] chapter2.exercise1
[       OK ] chapter2.exercise1 (0 ms)
[----------] 2 tests from chapter2 (0 ms total)

[----------] Global test environment tear-down
[==========] 2 tests from 1 test case ran. (0 ms total)
[  PASSED  ] 2 tests.
<end of output>
Test time =   0.01 sec
----------------------------------------------------------
Test Passed.
"template_test" end time: Sep 26 21:25 CEST
"template_test" time elapsed: 00:00:00
----------------------------------------------------------

End testing: Sep 26 21:25 CEST
